app/build/outputs/mapping/release/seeds.txt
ru.narod.nod.fifteen.FieldActivity
ru.narod.nod.fifteen.FieldActivity: FieldActivity()
ru.narod.nod.fifteen.FieldActivity: void onClick(android.view.View)
ru.narod.nod.fifteen.HighScoresActivity
ru.narod.nod.fifteen.HighScoresActivity: HighScoresActivity()
ru.narod.nod.fifteen.MainActivity
ru.narod.nod.fifteen.MainActivity: MainActivity()
ru.narod.nod.fifteen.MainActivity: void onClick(android.view.View)
ru.narod.nod.fifteen.R$anim: int abc_fade_in
ru.narod.nod.fifteen.R$anim: int abc_fade_out
ru.narod.nod.fifteen.R$anim: int abc_grow_fade_in_from_bottom
ru.narod.nod.fifteen.R$anim: int abc_popup_enter
ru.narod.nod.fifteen.R$anim: int abc_popup_exit
ru.narod.nod.fifteen.R$anim: int abc_shrink_fade_out_from_bottom
ru.narod.nod.fifteen.R$anim: int abc_slide_in_bottom
ru.narod.nod.fifteen.R$anim: int abc_slide_in_top
ru.narod.nod.fifteen.R$anim: int abc_slide_out_bottom
ru.narod.nod.fifteen.R$anim: int abc_slide_out_top
ru.narod.nod.fifteen.R$array: int cast_expanded_controller_default_control_buttons
ru.narod.nod.fifteen.R$array: int cast_mini_controller_default_control_buttons
ru.narod.nod.fifteen.R$attr: int MediaRouteControllerWindowBackground
ru.narod.nod.fifteen.R$attr: int actionBarDivider
ru.narod.nod.fifteen.R$attr: int actionBarItemBackground
ru.narod.nod.fifteen.R$attr: int actionBarPopupTheme
ru.narod.nod.fifteen.R$attr: int actionBarSize
ru.narod.nod.fifteen.R$attr: int actionBarSplitStyle
ru.narod.nod.fifteen.R$attr: int actionBarStyle
ru.narod.nod.fifteen.R$attr: int actionBarTabBarStyle
ru.narod.nod.fifteen.R$attr: int actionBarTabStyle
ru.narod.nod.fifteen.R$attr: int actionBarTabTextStyle
ru.narod.nod.fifteen.R$attr: int actionBarTheme
ru.narod.nod.fifteen.R$attr: int actionBarWidgetTheme
ru.narod.nod.fifteen.R$attr: int actionButtonStyle
ru.narod.nod.fifteen.R$attr: int actionDropDownStyle
ru.narod.nod.fifteen.R$attr: int actionLayout
ru.narod.nod.fifteen.R$attr: int actionMenuTextAppearance
ru.narod.nod.fifteen.R$attr: int actionMenuTextColor
ru.narod.nod.fifteen.R$attr: int actionModeBackground
ru.narod.nod.fifteen.R$attr: int actionModeCloseButtonStyle
ru.narod.nod.fifteen.R$attr: int actionModeCloseDrawable
ru.narod.nod.fifteen.R$attr: int actionModeCopyDrawable
ru.narod.nod.fifteen.R$attr: int actionModeCutDrawable
ru.narod.nod.fifteen.R$attr: int actionModeFindDrawable
ru.narod.nod.fifteen.R$attr: int actionModePasteDrawable
ru.narod.nod.fifteen.R$attr: int actionModePopupWindowStyle
ru.narod.nod.fifteen.R$attr: int actionModeSelectAllDrawable
ru.narod.nod.fifteen.R$bool: int abc_action_bar_embed_tabs
ru.narod.nod.fifteen.R$bool: int abc_allow_stacked_button_bar
ru.narod.nod.fifteen.R$bool: int abc_config_actionMenuItemAllCaps
ru.narod.nod.fifteen.R$bool: int abc_config_closeDialogWhenTouchOutside
ru.narod.nod.fifteen.R$bool: int abc_config_showMenuShortcutsWhenKeyboardPresent
...
android.support.annotation.Keep
android.support.constraint.Guideline: void setVisibility(int)
android.support.constraint.R$attr: int layout_constraintBaseline_creator
android.support.constraint.R$attr: int layout_constraintBaseline_toBaselineOf
android.support.constraint.R$attr: int layout_constraintBottom_creator
android.support.constraint.R$attr: int layout_constraintBottom_toBottomOf
android.support.constraint.R$attr: int layout_constraintBottom_toTopOf
android.support.constraint.R$attr: int layout_constraintDimensionRatio
android.support.constraint.R$attr: int layout_constraintEnd_toEndOf
android.support.constraint.R$attr: int layout_constraintEnd_toStartOf
android.support.constraint.R$attr: int layout_constraintGuide_begin
android.support.constraint.R$attr: int layout_constraintGuide_end
android.support.constraint.R$attr: int layout_constraintGuide_percent
android.support.constraint.R$attr: int layout_constraintHorizontal_bias
android.support.constraint.R$attr: int layout_constraintHorizontal_chainPacked
android.support.constraint.R$attr: int layout_constraintHorizontal_weight
android.support.constraint.R$attr: int layout_constraintLeft_creator
android.support.constraint.R$attr: int layout_constraintLeft_toLeftOf
android.support.constraint.R$attr: int layout_constraintLeft_toRightOf
android.support.constraint.R$attr: int layout_constraintRight_creator
android.support.constraint.R$attr: int layout_constraintRight_toLeftOf
android.support.constraint.R$attr: int layout_constraintRight_toRightOf
android.support.constraint.R$id: int parent
android.support.constraint.R$styleable: int[] ConstraintLayout_Layout
android.support.constraint.R$styleable: int ConstraintLayout_Layout_android_orientation
android.support.constraint.R$styleable: int ConstraintLayout_Layout_layout_constraintBaseline_creator
android.support.constraint.R$styleable: int ConstraintLayout_Layout_layout_constraintBaseline_toBaselineOf
android.support.constraint.R$styleable: int ConstraintLayout_Layout_layout_constraintBottom_creator
android.support.constraint.R$styleable: int ConstraintLayout_Layout_layout_constraintBottom_toBottomOf
android.support.constraint.R$styleable: int ConstraintLayout_Layout_layout_constraintBottom_toTopOf
android.support.constraint.R$styleable: int ConstraintLayout_Layout_layout_constraintDimensionRatio
android.support.constraint.R$styleable: int ConstraintLayout_Layout_layout_constraintEnd_toEndOf
android.support.constraint.R$styleable: int ConstraintLayout_Layout_layout_constraintEnd_toStartOf
android.support.constraint.R$styleable: int ConstraintLayout_Layout_layout_constraintGuide_begin
android.support.constraint.R$styleable: int ConstraintLayout_Layout_layout_constraintGuide_end
android.support.constraint.R$styleable: int ConstraintLayout_Layout_layout_constraintGuide_percent
android.support.constraint.R$styleable: int ConstraintLayout_Layout_layout_constraintHorizontal_bias
android.support.constraint.R$styleable: int ConstraintLayout_Layout_layout_constraintHorizontal_chainPacked
android.support.constraint.solver.LinearEquation$Type: android.support.constraint.solver.LinearEquation$Type[] values()
android.support.constraint.solver.LinearEquation$Type: android.support.constraint.solver.LinearEquation$Type valueOf(java.lang.String)
android.support.constraint.solver.SolverVariable$Strength: android.support.constraint.solver.SolverVariable$Strength[] values()
android.support.constraint.solver.SolverVariable$Strength: android.support.constraint.solver.SolverVariable$Strength valueOf(java.lang.String)
android.support.constraint.solver.SolverVariable$Type: android.support.constraint.solver.SolverVariable$Type[] values()
android.support.constraint.solver.SolverVariable$Type: android.support.constraint.solver.SolverVariable$Type valueOf(java.lang.String)