app/build/outputs/mapping/release/mapping.txt
ru.narod.nod.fifteen.Ads -> ru.narod.nod.fifteen.a:
    android.content.Context context -> a
    java.lang.String adBlock -> b
    android.app.Activity activity -> c
    void <init>(android.content.Context,android.app.Activity) -> <init>
    com.google.android.gms.ads.AdRequest getSpecialAdRequest() -> a
    com.google.android.gms.ads.AdRequest realAd() -> b
ru.narod.nod.fifteen.Engine -> ru.narod.nod.fifteen.b:
    java.lang.String[][] gameField -> a
    boolean orientationChanged -> b
    void <init>() -> <init>
    void shuffle() -> a
    java.lang.String[][] getGameField() -> b
    void setGameField(java.lang.String,int,int) -> a
ru.narod.nod.fifteen.FieldActivity -> ru.narod.nod.fifteen.FieldActivity:
    java.lang.String TAG -> m
    ru.narod.nod.fifteen.Engine engine -> n
    ru.narod.nod.fifteen.HighScoresActivity highScoresActivity -> o
    android.widget.ImageView[][] arrBut -> p
    com.google.android.gms.ads.AdView adView -> q
    java.lang.Boolean contin -> r
    java.lang.Boolean finished -> s
    java.lang.Boolean orientationChanged -> t
    android.content.SharedPreferences prefs -> u
    android.content.SharedPreferences$Editor edit -> v
    android.view.ViewGroup$LayoutParams params -> w
    android.widget.TableRow tr0 -> x
    android.widget.TableRow tr1 -> y
    android.widget.TableRow tr2 -> z
    android.widget.TableRow tr3 -> A
    ru.narod.nod.fifteen.TimeCounter timeCounter -> B
    boolean orientChanged -> C
    void <init>() -> <init>
    void onCreate(android.os.Bundle) -> onCreate
    void putCurrentConsistence() -> m
    void getPreviousConsistence() -> n
    void arrayToField() -> l
    void onClick(android.view.View) -> onClick
    void actionOnTheField(android.widget.ImageView,int,int) -> a
    void checkIsFinished() -> o
    void onStart() -> onStart
    void onResume() -> onResume
    void onPause() -> onPause
    void onStop() -> onStop
    void onDestroy() -> onDestroy
    void onRestoreInstanceState(android.os.Bundle) -> onRestoreInstanceState
    void onSaveInstanceState(android.os.Bundle) -> onSaveInstanceState
ru.narod.nod.fifteen.HighScoresActivity -> ru.narod.nod.fifteen.HighScoresActivity:
    java.lang.String TAG -> m
    java.lang.String APP_PREFERENCES -> q
    java.lang.String APP_PREFERENCES_DATE -> r
    java.lang.String highScores -> s
    android.widget.TextView hsText -> n
    android.widget.TextView hsDate -> o
    com.google.android.gms.ads.AdView adView -> p
    void <init>() -> <init>
    void onCreate(android.os.Bundle) -> onCreate
    java.lang.String loadHighScore() -> l
    void onResume() -> onResume
    java.lang.String getAPP_PREFERENCES() -> m
    java.lang.String getAPP_PREFERENCES_DATE() -> n
ru.narod.nod.fifteen.MainActivity -> ru.narod.nod.fifteen.MainActivity:
    android.widget.Button btnContinue -> m
    android.widget.Button btnStart -> n
    android.widget.Button btnHS -> o
    android.widget.Button btnRules -> p
    android.widget.Button btnExit -> q
    java.lang.String TAG -> r
    com.google.android.gms.ads.AdView adView -> s
    java.lang.Boolean contin -> t
    android.content.SharedPreferences prefs -> u
    android.content.SharedPreferences$Editor edit -> v
    void <init>() -> <init>
    void onCreate(android.os.Bundle) -> onCreate
    void theFirstStart() -> l
    void onClick(android.view.View) -> onClick
    void onStart() -> onStart
    void onResume() -> onResume
    void onPause() -> onPause
    void onStop() -> onStop
    void onDestroy() -> onDestroy
ru.narod.nod.fifteen.RulesActivity -> ru.narod.nod.fifteen.RulesActivity:
    void <init>() -> <init>
    void onCreate(android.os.Bundle) -> onCreate
...
com.google.android.gms.measurement.internal.zzy$1 -> com.google.android.gms.measurement.internal.ak$1:
    com.google.android.gms.measurement.internal.AppMetadata auG -> a
    com.google.android.gms.measurement.internal.zzy auH -> b
    void <init>(com.google.android.gms.measurement.internal.zzy,com.google.android.gms.measurement.internal.AppMetadata) -> <init>
    void run() -> run
com.google.android.gms.measurement.internal.zzy$2 -> com.google.android.gms.measurement.internal.ak$2:
    com.google.android.gms.measurement.internal.AppMetadata auG -> a
    com.google.android.gms.measurement.internal.EventParcel auI -> b
    com.google.android.gms.measurement.internal.zzy auH -> c
    void <init>(com.google.android.gms.measurement.internal.zzy,com.google.android.gms.measurement.internal.AppMetadata,com.google.android.gms.measurement.internal.EventParcel) -> <init>
    void run() -> run
com.google.android.gms.measurement.internal.zzy$3 -> com.google.android.gms.measurement.internal.ak$3:
    java.lang.String auJ -> a
    com.google.android.gms.measurement.internal.EventParcel auI -> b
    java.lang.String alm -> c
    com.google.android.gms.measurement.internal.zzy auH -> d
    void <init>(com.google.android.gms.measurement.internal.zzy,java.lang.String,com.google.android.gms.measurement.internal.EventParcel,java.lang.String) -> <init>
    void run() -> run
com.google.android.gms.measurement.internal.zzy$4 -> com.google.android.gms.measurement.internal.ak$4:
    com.google.android.gms.measurement.internal.EventParcel auI -> a
    java.lang.String alm -> b
    com.google.android.gms.measurement.internal.zzy auH -> c
    void <init>(com.google.android.gms.measurement.internal.zzy,com.google.android.gms.measurement.internal.EventParcel,java.lang.String) -> <init>
    byte[] zzbyl() -> a
    java.lang.Object call() -> call
com.google.android.gms.measurement.internal.zzy$5 -> com.google.android.gms.measurement.internal.ak$5:
    com.google.android.gms.measurement.internal.AppMetadata auG -> a
    com.google.android.gms.measurement.internal.UserAttributeParcel auK -> b
    com.google.android.gms.measurement.internal.zzy auH -> c
    void <init>(com.google.android.gms.measurement.internal.zzy,com.google.android.gms.measurement.internal.AppMetadata,com.google.android.gms.measurement.internal.UserAttributeParcel) -> <init>
    void run() -> run
com.google.android.gms.measurement.internal.zzy$6 -> com.google.android.gms.measurement.internal.ak$6:
    com.google.android.gms.measurement.internal.AppMetadata auG -> a
    com.google.android.gms.measurement.internal.UserAttributeParcel auK -> b
    com.google.android.gms.measurement.internal.zzy auH -> c
    void <init>(com.google.android.gms.measurement.internal.zzy,com.google.android.gms.measurement.internal.AppMetadata,com.google.android.gms.measurement.internal.UserAttributeParcel) -> <init>
    void run() -> run
com.google.android.gms.measurement.internal.zzy$7 -> com.google.android.gms.measurement.internal.ak$7:
    com.google.android.gms.measurement.internal.AppMetadata auG -> a
    com.google.android.gms.measurement.internal.zzy auH -> b
    void <init>(com.google.android.gms.measurement.internal.zzy,com.google.android.gms.measurement.internal.AppMetadata) -> <init>
    java.util.List zzbym() -> a
    java.lang.Object call() -> call
com.google.android.gms.measurement.internal.zzy$8 -> com.google.android.gms.measurement.internal.ak$8:
    com.google.android.gms.measurement.internal.AppMetadata auG -> a
    com.google.android.gms.measurement.internal.zzy auH -> b
    void <init>(com.google.android.gms.measurement.internal.zzy,com.google.android.gms.measurement.internal.AppMetadata) -> <init>
    void run() -> run