app/build/outputs/mapping/release/usage.txt
ru.narod.nod.fifteen.Ads:
    42:48:private com.google.android.gms.ads.AdRequest testAd()
ru.narod.nod.fifteen.BuildConfig
ru.narod.nod.fifteen.Engine:
    53:53:public boolean getOrientationChanged()
    56:57:public void setOrientationChanged(boolean)
ru.narod.nod.fifteen.FieldActivity:
    android.view.ViewGroup$LayoutParams paramsRow
ru.narod.nod.fifteen.HighScoresActivity:
    android.widget.ListView lvHS
    54:54:public void saveHighScore(java.lang.String)
    75:75:public java.lang.String getHighScores()
ru.narod.nod.fifteen.Manifest
ru.narod.nod.fifteen.Manifest$permission
ru.narod.nod.fifteen.R
ru.narod.nod.fifteen.R$anim
ru.narod.nod.fifteen.R$array
ru.narod.nod.fifteen.R$attr
ru.narod.nod.fifteen.R$bool
ru.narod.nod.fifteen.R$color
ru.narod.nod.fifteen.R$dimen
ru.narod.nod.fifteen.R$drawable
ru.narod.nod.fifteen.R$id
ru.narod.nod.fifteen.R$integer
ru.narod.nod.fifteen.R$interpolator
ru.narod.nod.fifteen.R$layout
ru.narod.nod.fifteen.R$mipmap
ru.narod.nod.fifteen.R$raw
ru.narod.nod.fifteen.R$string
ru.narod.nod.fifteen.R$style
ru.narod.nod.fifteen.R$styleable
ru.narod.nod.fifteen.TimeCounter:
    58:64:public void reset(android.app.Activity)
...
com.google.android.gms.drive.events.zzb
com.google.android.gms.drive.events.zzc
com.google.android.gms.drive.events.zzd
com.google.android.gms.drive.events.zze
com.google.android.gms.drive.events.zzf
com.google.android.gms.drive.events.zzg
com.google.android.gms.drive.events.zzh
com.google.android.gms.drive.events.zzi
com.google.android.gms.drive.events.zzj
com.google.android.gms.drive.events.zzk
com.google.android.gms.drive.events.zzl
com.google.android.gms.drive.events.zzm
com.google.android.gms.drive.events.zzn
com.google.android.gms.drive.events.zzo
com.google.android.gms.drive.events.zzp
com.google.android.gms.drive.events.zzq
com.google.android.gms.drive.events.zzr
com.google.android.gms.drive.internal.AddEventListenerRequest
com.google.android.gms.drive.internal.AddPermissionRequest
com.google.android.gms.drive.internal.AuthorizeAccessRequest
com.google.android.gms.drive.internal.CancelPendingActionsRequest
com.google.android.gms.drive.internal.ChangeResourceParentsRequest
com.google.android.gms.drive.internal.CheckResourceIdsExistRequest
com.google.android.gms.drive.internal.CloseContentsAndUpdateMetadataRequest
com.google.android.gms.drive.internal.CloseContentsRequest
com.google.android.gms.drive.internal.ControlProgressRequest
com.google.android.gms.drive.internal.CreateContentsRequest
com.google.android.gms.drive.internal.CreateFileIntentSenderRequest
com.google.android.gms.drive.internal.CreateFileRequest
com.google.android.gms.drive.internal.CreateFolderRequest
com.google.android.gms.drive.internal.DeleteResourceRequest
com.google.android.gms.drive.internal.DisconnectRequest
com.google.android.gms.drive.internal.DriveServiceResponse
com.google.android.gms.drive.internal.FetchThumbnailRequest
com.google.android.gms.drive.internal.FileUploadPreferencesImpl
com.google.android.gms.drive.internal.GetChangesRequest
com.google.android.gms.drive.internal.GetDriveIdFromUniqueIdentifierRequest
com.google.android.gms.drive.internal.GetMetadataRequest
com.google.android.gms.drive.internal.GetPermissionsRequest
com.google.android.gms.drive.internal.GetPermissionsResponse
com.google.android.gms.drive.internal.ListParentsRequest
com.google.android.gms.drive.internal.LoadRealtimeRequest
com.google.android.gms.drive.internal.OnChangesResponse
com.google.android.gms.drive.internal.OnContentsResponse
com.google.android.gms.drive.internal.OnDeviceUsagePreferenceResponse
com.google.android.gms.drive.internal.OnDownloadProgressResponse
com.google.android.gms.drive.internal.OnDriveIdResponse
com.google.android.gms.drive.internal.OnEventResponse
com.google.android.gms.drive.internal.OnFetchThumbnailResponse
com.google.android.gms.drive.internal.OnListEntriesResponse
com.google.android.gms.drive.internal.OnListParentsResponse
com.google.android.gms.drive.internal.OnLoadRealtimeResponse
com.google.android.gms.drive.internal.OnMetadataResponse
com.google.android.gms.drive.internal.OnPinnedDownloadPreferencesResponse
com.google.android.gms.drive.internal.OnResourceIdSetResponse
com.google.android.gms.drive.internal.OnStartStreamSession
com.google.android.gms.drive.internal.OnSyncMoreResponse
com.google.android.gms.drive.internal.OpenContentsRequest
com.google.android.gms.drive.internal.OpenFileIntentSenderRequest
com.google.android.gms.drive.internal.ParcelableTransferPreferences
com.google.android.gms.drive.internal.QueryRequest
com.google.android.gms.drive.internal.RemoveEventListenerRequest
com.google.android.gms.drive.internal.RemovePermissionRequest
com.google.android.gms.drive.internal.SetFileUploadPreferencesRequest
com.google.android.gms.drive.internal.SetPinnedDownloadPreferencesRequest
com.google.android.gms.drive.internal.SetResourceParentsRequest
com.google.android.gms.drive.internal.StreamContentsRequest
com.google.android.gms.drive.internal.StringListResponse
com.google.android.gms.drive.internal.TrashResourceRequest